0 info it worked if it ends with ok
1 verbose cli [ '/usr/bin/node',
1 verbose cli   '/usr/bin/npm',
1 verbose cli   'uninstall',
1 verbose cli   '-g',
1 verbose cli   'karma-jasmine' ]
2 info using npm@1.4.28
3 info using node@v0.10.38
4 verbose node symlink /usr/bin/node
5 verbose lib/node_modules/karma-jasmine unbuild
6 info preuninstall karma-jasmine@0.3.5
7 info uninstall karma-jasmine@0.3.5
8 verbose true,/usr/lib/node_modules,/usr/lib/node_modules unbuild karma-jasmine@0.3.5
9 info postuninstall karma-jasmine@0.3.5
10 error Error: EACCES, unlink '/usr/lib/node_modules/karma-jasmine'
10 error  { [Error: EACCES, unlink '/usr/lib/node_modules/karma-jasmine']
10 error   errno: 3,
10 error   code: 'EACCES',
10 error   path: '/usr/lib/node_modules/karma-jasmine' }
11 error Please try running this command again as root/Administrator.
12 error System Linux 3.13.0-54-generic
13 error command "/usr/bin/node" "/usr/bin/npm" "uninstall" "-g" "karma-jasmine"
14 error cwd /home/dev1/qwizard/public/taker
15 error node -v v0.10.38
16 error npm -v 1.4.28
17 error path /usr/lib/node_modules/karma-jasmine
18 error code EACCES
19 error errno 3
20 error stack Error: EACCES, unlink '/usr/lib/node_modules/karma-jasmine'
21 verbose exit [ 3, true ]
