0 info it worked if it ends with ok
<<<<<<< HEAD
1 verbose cli [ '/usr/bin/node', '/usr/bin/npm', 'start' ]
2 info using npm@1.4.28
3 info using node@v0.10.38
4 verbose node symlink /usr/bin/node
5 verbose run-script [ 'prestart', 'start', 'poststart' ]
6 info prestart BlankExpressProject@0.0.0
7 info start BlankExpressProject@0.0.0
8 verbose unsafe-perm in lifecycle true
9 info BlankExpressProject@0.0.0 Failed to exec start script
10 error BlankExpressProject@0.0.0 start: `node ./bin/www`
10 error Exit status 1
11 error Failed at the BlankExpressProject@0.0.0 start script.
11 error This is most likely a problem with the BlankExpressProject package,
11 error not with npm itself.
11 error Tell the author that this fails on your system:
11 error     node ./bin/www
11 error You can get their info via:
11 error     npm owner ls BlankExpressProject
11 error There is likely additional logging output above.
12 error System Linux 3.13.0-53-generic
13 error command "/usr/bin/node" "/usr/bin/npm" "start"
14 error cwd /home/dev1/qwizard
15 error node -v v0.10.38
16 error npm -v 1.4.28
17 error code ELIFECYCLE
18 verbose exit [ 1, true ]
=======
1 verbose cli [ '/home/dev1/.nvm/versions/node/v0.12.4/bin/node',
1 verbose cli   '/home/dev1/.nvm/versions/node/v0.12.4/bin/npm',
1 verbose cli   'start' ]
2 info using npm@2.10.1
3 info using node@v0.12.4
4 verbose run-script [ 'prestart', 'start', 'poststart' ]
5 info prestart BlankExpressProject@0.0.0
6 info start BlankExpressProject@0.0.0
7 verbose unsafe-perm in lifecycle true
8 info BlankExpressProject@0.0.0 Failed to exec start script
9 verbose stack Error: BlankExpressProject@0.0.0 start: `node ./bin/www`
9 verbose stack Exit status 1
9 verbose stack     at EventEmitter.<anonymous> (/home/dev1/.nvm/versions/node/v0.12.4/lib/node_modules/npm/lib/utils/lifecycle.js:213:16)
9 verbose stack     at EventEmitter.emit (events.js:110:17)
9 verbose stack     at ChildProcess.<anonymous> (/home/dev1/.nvm/versions/node/v0.12.4/lib/node_modules/npm/lib/utils/spawn.js:24:14)
9 verbose stack     at ChildProcess.emit (events.js:110:17)
9 verbose stack     at maybeClose (child_process.js:1015:16)
9 verbose stack     at Process.ChildProcess._handle.onexit (child_process.js:1087:5)
10 verbose pkgid BlankExpressProject@0.0.0
11 verbose cwd /home/dev1/WebstormProjects/qwizard
12 error Linux 3.13.0-54-generic
13 error argv "/home/dev1/.nvm/versions/node/v0.12.4/bin/node" "/home/dev1/.nvm/versions/node/v0.12.4/bin/npm" "start"
14 error node v0.12.4
15 error npm  v2.10.1
16 error code ELIFECYCLE
17 error BlankExpressProject@0.0.0 start: `node ./bin/www`
17 error Exit status 1
18 error Failed at the BlankExpressProject@0.0.0 start script 'node ./bin/www'.
18 error This is most likely a problem with the BlankExpressProject package,
18 error not with npm itself.
18 error Tell the author that this fails on your system:
18 error     node ./bin/www
18 error You can get their info via:
18 error     npm owner ls BlankExpressProject
18 error There is likely additional logging output above.
19 verbose exit [ 1, true ]
>>>>>>> master
